<?xml version="1.0" encoding="UTF-8"?>
<testng-results skipped="0" failed="0" ignored="0" total="3" passed="3">
  <reporter-output>
  </reporter-output>
  <suite name="Suite" duration-ms="16004" started-at="2022-08-04T16:45:29 IST" finished-at="2022-08-04T16:45:45 IST">
    <groups>
    </groups>
    <test name="Test" duration-ms="6449" started-at="2022-08-04T16:45:29 IST" finished-at="2022-08-04T16:45:35 IST">
      <class name="CrossBrowser.Test1">
        <test-method status="PASS" signature="acti(java.lang.String)[pri:0, instance:CrossBrowser.Test1@27f723]" name="acti" duration-ms="6364" started-at="2022-08-04T16:45:29 IST" finished-at="2022-08-04T16:45:35 IST">
          <params>
            <param index="0">
              <value>
                <![CDATA[Chrome]]>
              </value>
            </param>
          </params>
          <reporter-output>
          </reporter-output>
        </test-method> <!-- acti -->
      </class> <!-- CrossBrowser.Test1 -->
    </test> <!-- Test -->
    <test name="TestFirefox" duration-ms="5715" started-at="2022-08-04T16:45:35 IST" finished-at="2022-08-04T16:45:41 IST">
      <class name="CrossBrowser.Test1">
        <test-method status="PASS" signature="acti(java.lang.String)[pri:0, instance:CrossBrowser.Test1@365185bd]" name="acti" duration-ms="5690" started-at="2022-08-04T16:45:35 IST" finished-at="2022-08-04T16:45:41 IST">
          <params>
            <param index="0">
              <value>
                <![CDATA[Firefox]]>
              </value>
            </param>
          </params>
          <reporter-output>
          </reporter-output>
        </test-method> <!-- acti -->
      </class> <!-- CrossBrowser.Test1 -->
    </test> <!-- TestFirefox -->
    <test name="Testmicrosoft" duration-ms="3809" started-at="2022-08-04T16:45:41 IST" finished-at="2022-08-04T16:45:45 IST">
      <class name="CrossBrowser.Test1">
        <test-method status="PASS" signature="acti(java.lang.String)[pri:0, instance:CrossBrowser.Test1@1990a65e]" name="acti" duration-ms="3800" started-at="2022-08-04T16:45:41 IST" finished-at="2022-08-04T16:45:45 IST">
          <params>
            <param index="0">
              <value>
                <![CDATA[MicrosoftEdge]]>
              </value>
            </param>
          </params>
          <reporter-output>
          </reporter-output>
        </test-method> <!-- acti -->
      </class> <!-- CrossBrowser.Test1 -->
    </test> <!-- Testmicrosoft -->
  </suite> <!-- Suite -->
</testng-results>
